<?xml version="1.0" encoding="UTF-8"?>
<!-- Generated by org.testng.reporters.JUnitReportReporter -->
<testsuite hostname="user1" failures="0" tests="2" name="runners.testRunner" time="15.058" errors="0" timestamp="2025-04-09T16:31:21 IST" skipped="0">
  <testcase classname="runners.testRunner" name="runScenario" time="7.725"/>
  <testcase classname="runners.testRunner" name="runScenario" time="7.333"/>
</testsuite> <!-- runners.testRunner -->
