<?xml version="1.0" encoding="UTF-8"?>
<!-- Generated by org.testng.reporters.JUnitReportReporter -->
<testsuite hostname="user1" failures="0" tests="1" name="runners.testRunner" time="8.724" errors="0" timestamp="2025-04-10T17:02:03 IST" skipped="0">
  <testcase classname="runners.testRunner" name="runScenario" time="8.724"/>
</testsuite> <!-- runners.testRunner -->
