<?xml version="1.0" encoding="UTF-8"?>
<!-- Generated by org.testng.reporters.JUnitReportReporter -->
<testsuite hostname="user1" failures="0" tests="9" name="runners.CrmRunner" time="0.323" errors="0" timestamp="2025-04-10T17:44:43 IST" skipped="0">
  <testcase classname="runners.CrmRunner" name="runScenario" time="0.024"/>
  <testcase classname="runners.CrmRunner" name="runScenario" time="0.024"/>
  <testcase classname="runners.CrmRunner" name="runScenario" time="0.037"/>
  <testcase classname="runners.CrmRunner" name="runScenario" time="0.025"/>
  <testcase classname="runners.CrmRunner" name="runScenario" time="0.012"/>
  <testcase classname="runners.CrmRunner" name="runScenario" time="0.015"/>
  <testcase classname="runners.CrmRunner" name="runScenario" time="0.144"/>
  <testcase classname="runners.CrmRunner" name="runScenario" time="0.022"/>
  <testcase classname="runners.CrmRunner" name="runScenario" time="0.020"/>
</testsuite> <!-- runners.CrmRunner -->
